c:\users\haoxu\downloads\superpeachsisters\superpeachsisters\debug\vc142.pdb
c:\users\haoxu\downloads\superpeachsisters\superpeachsisters\debug\vc142.idb
c:\users\haoxu\downloads\superpeachsisters\superpeachsisters\debug\studentworld.obj
c:\users\haoxu\downloads\superpeachsisters\superpeachsisters\debug\main.obj
c:\users\haoxu\downloads\superpeachsisters\superpeachsisters\debug\gameworld.obj
c:\users\haoxu\downloads\superpeachsisters\superpeachsisters\debug\gamecontroller.obj
c:\users\haoxu\downloads\superpeachsisters\superpeachsisters\debug\actor.obj
c:\users\haoxu\downloads\superpeachsisters\superpeachsisters\debug\superpeachsisters.ilk
c:\users\haoxu\downloads\superpeachsisters\debug\superpeachsisters.exe
c:\users\haoxu\downloads\superpeachsisters\debug\superpeachsisters.pdb
c:\users\haoxu\downloads\superpeachsisters\superpeachsisters\debug\superpeachsisters.res
c:\users\haoxu\downloads\superpeachsisters\superpeachsisters\debug\superpea.623254d2.tlog\cl.command.1.tlog
c:\users\haoxu\downloads\superpeachsisters\superpeachsisters\debug\superpea.623254d2.tlog\cl.read.1.tlog
c:\users\haoxu\downloads\superpeachsisters\superpeachsisters\debug\superpea.623254d2.tlog\cl.write.1.tlog
c:\users\haoxu\downloads\superpeachsisters\superpeachsisters\debug\superpea.623254d2.tlog\link.command.1.tlog
c:\users\haoxu\downloads\superpeachsisters\superpeachsisters\debug\superpea.623254d2.tlog\link.read.1.tlog
c:\users\haoxu\downloads\superpeachsisters\superpeachsisters\debug\superpea.623254d2.tlog\link.write.1.tlog
c:\users\haoxu\downloads\superpeachsisters\superpeachsisters\debug\superpea.623254d2.tlog\rc.command.1.tlog
c:\users\haoxu\downloads\superpeachsisters\superpeachsisters\debug\superpea.623254d2.tlog\rc.read.1.tlog
c:\users\haoxu\downloads\superpeachsisters\superpeachsisters\debug\superpea.623254d2.tlog\rc.write.1.tlog
